This is pdfTeX, Version 3.141592-1.40.3 (MiKTeX 2.6) (preloaded format=latex 2007.10.3)  2 JUL 2008 10:34
entering extended mode
**D:/Research*Project/Skin*Color*Classification/ICVGIP*2008/Paper*V2.tex
("D:\Research Project\Skin Color Classification\ICVGIP 2008\Paper V2.tex"
LaTeX2e <2005/12/01>
Babel <v3.8g> and hyphenation patterns for english, dumylang, nohyphenation, ge
rman, ngerman, french, loaded.
("C:\Program Files\MiKTeX 2.6\tex\latex\base\article.cls"
Document Class: article 2005/09/16 v1.4f Standard LaTeX document class
("C:\Program Files\MiKTeX 2.6\tex\latex\base\size10.clo"
File: size10.clo 2005/09/16 v1.4f Standard LaTeX file (size option)
)
\c@part=\count79
\c@section=\count80
\c@subsection=\count81
\c@subsubsection=\count82
\c@paragraph=\count83
\c@subparagraph=\count84
\c@figure=\count85
\c@table=\count86
\abovecaptionskip=\skip41
\belowcaptionskip=\skip42
\bibindent=\dimen102
) (latex8.sty
IEEE 8.5 x 11-Inch Proceedings Style `latex8.sty'.
\@ctmp=\skip43
\@figindent=\skip44
) ("C:\Program Files\MiKTeX 2.6\tex\latex\subfigure\subfigure.sty"
Package: subfigure 2002/07/30 v2.1.4 subfigure package
\subfigtopskip=\skip45
\subfigcapskip=\skip46
\subfigcaptopadj=\dimen103
\subfigbottomskip=\skip47
\subfigcapmargin=\dimen104
\subfiglabelskip=\skip48
\c@subfigure=\count87
\c@lofdepth=\count88
\c@subtable=\count89
\c@lotdepth=\count90

****************************************
* Local config file subfigure.cfg used *
****************************************
("C:\Program Files\MiKTeX 2.6\tex\latex\subfigure\subfigure.cfg")
\subfig@top=\skip49
\subfig@bottom=\skip50
)
("C:\Program Files\MiKTeX 2.6\tex\latex\ltxmisc\url.sty"
\Urlmuskip=\muskip10
Package: url 2005/06/27  ver 3.2  Verb mode for urls, etc.
)
("C:\Program Files\MiKTeX 2.6\tex\latex\psnfss\times.sty"
Package: times 2005/04/12 PSNFSS-v9.2a (SPQR) 
)
("C:\Program Files\MiKTeX 2.6\tex\latex\amsmath\amsmath.sty"
Package: amsmath 2000/07/18 v2.13 AMS math features
\@mathmargin=\skip51

For additional information on amsmath, use the `?' option.
("C:\Program Files\MiKTeX 2.6\tex\latex\amsmath\amstext.sty"
Package: amstext 2000/06/29 v2.01

("C:\Program Files\MiKTeX 2.6\tex\latex\amsmath\amsgen.sty"
File: amsgen.sty 1999/11/30 v2.0
\@emptytoks=\toks14
\ex@=\dimen105
))
("C:\Program Files\MiKTeX 2.6\tex\latex\amsmath\amsbsy.sty"
Package: amsbsy 1999/11/29 v1.2d
\pmbraise@=\dimen106
)
("C:\Program Files\MiKTeX 2.6\tex\latex\amsmath\amsopn.sty"
Package: amsopn 1999/12/14 v2.01 operator names
)
\inf@bad=\count91
LaTeX Info: Redefining \frac on input line 211.
\uproot@=\count92
\leftroot@=\count93
LaTeX Info: Redefining \overline on input line 307.
\classnum@=\count94
\DOTSCASE@=\count95
LaTeX Info: Redefining \ldots on input line 379.
LaTeX Info: Redefining \dots on input line 382.
LaTeX Info: Redefining \cdots on input line 467.
\Mathstrutbox@=\box26
\strutbox@=\box27
\big@size=\dimen107
LaTeX Font Info:    Redeclaring font encoding OML on input line 567.
LaTeX Font Info:    Redeclaring font encoding OMS on input line 568.
\macc@depth=\count96
\c@MaxMatrixCols=\count97
\dotsspace@=\muskip11
\c@parentequation=\count98
\dspbrk@lvl=\count99
\tag@help=\toks15
\row@=\count100
\column@=\count101
\maxfields@=\count102
\andhelp@=\toks16
\eqnshift@=\dimen108
\alignsep@=\dimen109
\tagshift@=\dimen110
\tagwidth@=\dimen111
\totwidth@=\dimen112
\lineht@=\dimen113
\@envbody=\toks17
\multlinegap=\skip52
\multlinetaggap=\skip53
\mathdisplay@stack=\toks18
LaTeX Info: Redefining \[ on input line 2666.
LaTeX Info: Redefining \] on input line 2667.
)
("C:\Program Files\MiKTeX 2.6\tex\latex\graphics\epsfig.sty"
Package: epsfig 1999/02/16 v1.7a (e)psfig emulation (SPQR)

("C:\Program Files\MiKTeX 2.6\tex\latex\graphics\graphicx.sty"
Package: graphicx 1999/02/16 v1.0f Enhanced LaTeX Graphics (DPC,SPQR)

("C:\Program Files\MiKTeX 2.6\tex\latex\graphics\keyval.sty"
Package: keyval 1999/03/16 v1.13 key=value parser (DPC)
\KV@toks@=\toks19
)
("C:\Program Files\MiKTeX 2.6\tex\latex\graphics\graphics.sty"
Package: graphics 2006/02/20 v1.0o Standard LaTeX Graphics (DPC,SPQR)

("C:\Program Files\MiKTeX 2.6\tex\latex\graphics\trig.sty"
Package: trig 1999/03/16 v1.09 sin cos tan (DPC)
)
("C:\Program Files\MiKTeX 2.6\tex\latex\00miktex\graphics.cfg"
File: graphics.cfg 2005/12/29 v1.2 MiKTeX 'graphics' configuration
)
Package graphics Info: Driver file: dvips.def on input line 90.

("C:\Program Files\MiKTeX 2.6\tex\latex\graphics\dvips.def"
File: dvips.def 1999/02/16 v3.0i Driver-dependant file (DPC,SPQR)
))
\Gin@req@height=\dimen114
\Gin@req@width=\dimen115
)
\epsfxsize=\dimen116
\epsfysize=\dimen117
)
("C:\Program Files\MiKTeX 2.6\tex\latex\tools\longtable.sty"
Package: longtable 2004/02/01 v4.11 Multi-page Table package (DPC)
\LTleft=\skip54
\LTright=\skip55
\LTpre=\skip56
\LTpost=\skip57
\LTchunksize=\count103
\LTcapwidth=\dimen118
\LT@head=\box28
\LT@firsthead=\box29
\LT@foot=\box30
\LT@lastfoot=\box31
\LT@cols=\count104
\LT@rows=\count105
\c@LT@tables=\count106
\c@LT@chunks=\count107
\LT@p@ftn=\toks20
) (caption.sty
Package: caption 2008/04/01 v3.1h Customizing captions (AR)

(caption3.sty
Package: caption3 2008/03/20 v3.1h caption3 kernel (AR)
\captionmargin=\dimen119
\captionmargin@=\dimen120
\captionwidth=\dimen121
\caption@indent=\dimen122
\caption@parindent=\dimen123
\caption@hangindent=\dimen124
Package caption Info: Unknown document class (or package),
(caption)             standard defaults will be used on input line 1024.
)

Package caption Warning: Unsupported document class (or package) detected,
(caption)                usage of the caption package is not recommended.

Package caption Info: \@makecaption = \long macro:#1#2-> \vskip -10pt \setbox \
@tempboxa \hbox {\tenhv \noindent #1.~#2} \setlength {\@ctmp }{\hsize } \addtol
ength {\@ctmp }{-\@figindent }\addtolength {\@ctmp }{-\@figindent } \ifdim \wd 
\@tempboxa >\@ctmp \begin {list}{}{\leftmargin \@figindent \rightmargin \leftma
rgin } \item []\tenhv #1.~#2\par \end {list} \else \hbox to\hsize {\hfil \box \
@tempboxa \hfil } \fi .
\c@ContinuedFloat=\count108
Package caption Info: longtable package is loaded.
(ltcaption.sty
Package: ltcaption 2008/03/28 v1.2 longtable captions (AR)
)
Package caption Info: subfigure package is loaded.
)

LaTeX Warning: Unused global option(s):
    [times].

("Paper V2.aux")
LaTeX Font Info:    Checking defaults for OML/cmm/m/it on input line 28.
LaTeX Font Info:    ... okay on input line 28.
LaTeX Font Info:    Checking defaults for T1/cmr/m/n on input line 28.
LaTeX Font Info:    ... okay on input line 28.
LaTeX Font Info:    Checking defaults for OT1/cmr/m/n on input line 28.
LaTeX Font Info:    ... okay on input line 28.
LaTeX Font Info:    Checking defaults for OMS/cmsy/m/n on input line 28.
LaTeX Font Info:    ... okay on input line 28.
LaTeX Font Info:    Checking defaults for OMX/cmex/m/n on input line 28.
LaTeX Font Info:    ... okay on input line 28.
LaTeX Font Info:    Checking defaults for U/cmr/m/n on input line 28.
LaTeX Font Info:    ... okay on input line 28.
LaTeX Font Info:    Try loading font information for OT1+ptm on input line 28.
 ("C:\Program Files\MiKTeX 2.6\tex\latex\psnfss\ot1ptm.fd"
File: ot1ptm.fd 2001/06/04 font definitions for OT1/ptm.
)
Package caption Info: Begin \AtBeginDocument code.
Package caption Info: End \AtBeginDocument code.
LaTeX Font Info:    Font shape `OT1/ptm/bx/n' in size <14.4> not available
(Font)              Font shape `OT1/ptm/b/n' tried instead on input line 39.
LaTeX Font Info:    Font shape `OT1/ptm/bx/n' in size <12> not available
(Font)              Font shape `OT1/ptm/b/n' tried instead on input line 42.
File: Figure1.eps Graphic file (type eps)

<Figure1.eps>
LaTeX Font Info:    Font shape `OT1/ptm/bx/n' in size <10> not available
(Font)              Font shape `OT1/ptm/b/n' tried instead on input line 87.
LaTeX Font Info:    Try loading font information for OT1+phv on input line 87.
 ("C:\Program Files\MiKTeX 2.6\tex\latex\psnfss\ot1phv.fd"
File: ot1phv.fd 2001/06/04 scalable font definitions for OT1/phv.
)
LaTeX Font Info:    Font shape `OT1/phv/bx/n' in size <10> not available
(Font)              Font shape `OT1/phv/b/n' tried instead on input line 87.
File: Figure2.eps Graphic file (type eps)

<Figure2.eps>
Overfull \hbox (15.80905pt too wide) in paragraph at lines 108--109
 [][][] 
 []


LaTeX Warning: `h' float specifier changed to `ht'.

[1


]
LaTeX Font Info:    Font shape `OT1/ptm/bx/it' in size <10> not available
(Font)              Font shape `OT1/ptm/b/it' tried instead on input line 190.
 [2]
File: Figure3.eps Graphic file (type eps)
 <Figure3.eps>
Underfull \hbox (badness 10000) in paragraph at lines 235--235
[]\OT1/ptm/b/n/10 Dynamically Learnt Multi-modal Gaus-sian
 []

File: Figure5.eps Graphic file (type eps)
<Figure5.eps>
File: Figure6.eps Graphic file (type eps)
 <Figure6.eps>
Overfull \hbox (24.93652pt too wide) in paragraph at lines 278--281
[][]  [] 
 []

LaTeX Font Info:    Font shape `OT1/phv/bx/it' in size <10> not available
(Font)              Font shape `OT1/phv/b/it' tried instead on input line 281.
LaTeX Font Info:    Font shape `OT1/phv/b/it' in size <10> not available
(Font)              Font shape `OT1/phv/b/sl' tried instead on input line 281.

Underfull \hbox (badness 1596) in paragraph at lines 270--283
[]\OT1/ptm/m/n/10 The skin and non-skin mod-els, $\OML/cmm/m/it/10 f[]\OT1/cmr/
m/n/10 (\OML/cmm/m/it/10 x\OT1/cmr/m/n/10 )$ \OT1/ptm/m/n/10 and
 []


LaTeX Warning: `h' float specifier changed to `ht'.

[3]
File: Figure7.eps Graphic file (type eps)
 <Figure7.eps>
Overfull \hbox (32.16286pt too wide) in paragraph at lines 353--355
[][]  [] 
 []

[4]
File: Figure8.eps Graphic file (type eps)
 <Figure8.eps>
Overfull \hbox (32.16286pt too wide) in paragraph at lines 384--386
[][]  [] 
 []

LaTeX Font Info:    Try loading font information for OMS+ptm on input line 405.

("C:\Program Files\MiKTeX 2.6\tex\latex\psnfss\omsptm.fd"
File: omsptm.fd 
)
LaTeX Font Info:    Font shape `OMS/ptm/m/n' in size <10> not available
(Font)              Font shape `OMS/cmsy/m/n' tried instead on input line 405.
File: Figure9.eps Graphic file (type eps)
 <Figure9.eps>
Overfull \hbox (30.26283pt too wide) in paragraph at lines 456--458
[][] [] 
 []

File: Figure10.eps Graphic file (type eps)
<Figure10.eps>
Overfull \hbox (30.26283pt too wide) in paragraph at lines 470--471
[][] [] 
 []


LaTeX Warning: `h' float specifier changed to `ht'.

[5]
File: Figure11.eps Graphic file (type eps)
 <Figure11.eps>
File: Figure12.eps Graphic file (type eps)
 <Figure12.eps>
Overfull \hbox (15.80905pt too wide) in paragraph at lines 562--564
 [] 
 []


Underfull \hbox (badness 1009) in paragraph at lines 564--564
[]\OT1/ptm/b/n/10 Figure 11: |\OT1/phv/b/n/10 An ex-am-ple of com-bin-ing ev-i-

 []


Underfull \hbox (badness 1028) in paragraph at lines 564--564
\OT1/phv/b/n/10 dence from two ex-perts un-der Dempster-
 []

[6]
File: Figure13.eps Graphic file (type eps)
 <Figure13.eps> [7]

LaTeX Warning: Citation `ex1' undefined on input line 760.


LaTeX Warning: Citation `ex2' undefined on input line 760.

("Paper V2.bbl"
Underfull \hbox (badness 1038) in paragraph at lines 46--50
\OT1/ptm/m/n/9 eval-u-a-tion method-ol-ogy for face-recognition al-go-rithms.
 []


Underfull \hbox (badness 1320) in paragraph at lines 52--55
\OT1/ptm/m/n/9 dempster-shafer the-ory.  San-dia Na-tional Lab-o-ra-to-ries,
 []

) [8] ("Paper V2.aux")

LaTeX Warning: There were undefined references.

 ) 
Here is how much of TeX's memory you used:
 2750 strings out of 95306
 36393 string characters out of 1185183
 108035 words of memory out of 1104055
 5784 multiletter control sequences out of 60000
 15978 words of font info for 45 fonts, out of 1000000 for 2000
 14 hyphenation exceptions out of 8191
 36i,13n,38p,326b,393s stack positions out of 5000i,500n,10000p,200000b,32768s

Output written on "Paper V2.dvi" (8 pages, 56556 bytes).
