This is pdfTeX, Version 3.1415926-1.40.10 (MiKTeX 2.8) (preloaded format=pdflatex 2010.10.13)  14 NOV 2010 22:17
entering extended mode
**C:/Documents*and*Settings/Sreekar/Desktop/Dissertation*SVN/pwasu.tex
("C:/Documents and Settings/Sreekar/Desktop/Dissertation SVN/pwasu.tex"
LaTeX2e <2009/09/24>
Babel <v3.8l> and hyphenation patterns for english, dumylang, nohyphenation, ge
rman, ngerman, german-x-2009-06-19, ngerman-x-2009-06-19, french, loaded.
("C:\Program Files\MiKTeX 2.8\tex\latex\memoir\memoir.cls"
Document Class: memoir 2010/09/19 v3.6g configurable book, report, article docu
ment class
\onelineskip=\skip41
\lxvchars=\skip42
\xlvchars=\skip43
\@memcnta=\count79
\c@@memmarkcntra=\count80
("C:\Program Files\MiKTeX 2.8\tex\generic\oberdiek\ifpdf.sty"
Package: ifpdf 2010/01/28 v2.1 Provides the ifpdf switch (HO)
Package ifpdf Info: pdfTeX in pdf mode detected.
)
Class memoir Info: An `ifetex' package is being emulated on input line 251.

("C:\Program Files\MiKTeX 2.8\tex\generic\ifxetex\ifxetex.sty"
Package: ifxetex 2010/09/12 v0.6 Provides ifxetex conditional
)
("C:\Program Files\MiKTeX 2.8\tex\generic\oberdiek\ifluatex.sty"
Package: ifluatex 2010/03/01 v1.3 Provides the ifluatex switch (HO)
Package ifluatex Info: LuaTeX not detected.
)
\stockheight=\skip44
\stockwidth=\skip45
\trimtop=\skip46
\trimedge=\skip47

("C:\Program Files\MiKTeX 2.8\tex\latex\misc\etex.sty"
Package: etex 1998/03/26 v2.0 eTeX basic definition package (PEB)
\et@xins=\count81
)
("C:\Program Files\MiKTeX 2.8\tex\latex\memoir\mem11.clo"
File: mem11.clo 2008/01/30 v0.3 memoir class 11pt size option
)
\binding=\skip48
\spinemargin=\skip49
\foremargin=\skip50
\uppermargin=\skip51
\lowermargin=\skip52
\headdrop=\skip53
\normalrulethickness=\skip54
\headwidth=\skip55
\c@storedpagenumber=\count82
\memPD=\dimen102
\m@mabparskip=\skip56
\thanksmarkwidth=\skip57
\thanksmarksep=\skip58
\droptitle=\skip59
\c@book=\count83
\c@part=\count84
\c@chapter=\count85
\c@section=\count86
\c@subsection=\count87
\c@subsubsection=\count88
\c@paragraph=\count89
\c@subparagraph=\count90
\beforechapskip=\skip60
\midchapskip=\skip61
\afterchapskip=\skip62
\chapindent=\skip63
\bottomsectionskip=\skip64
\secindent=\skip65
\beforesecskip=\skip66
\aftersecskip=\skip67
\subsecindent=\skip68
\beforesubsecskip=\skip69
\aftersubsecskip=\skip70
\subsubsecindent=\skip71
\beforesubsubsecskip=\skip72
\aftersubsubsecskip=\skip73
\paraindent=\skip74
\beforeparaskip=\skip75
\afterparaskip=\skip76
\subparaindent=\skip77
\beforesubparaskip=\skip78
\aftersubparaskip=\skip79
\pfbreakskip=\skip80
\c@@ppsavesec=\count91
\c@@ppsaveapp=\count92
\ragrparindent=\dimen103
\everylistparindent=\dimen104
\parsepi=\skip81
\topsepi=\skip82
\itemsepi=\skip83
\parsepii=\skip84
\topsepii=\skip85
\topsepiii=\skip86
\itemsepii=\skip87
\itemsepiii=\skip88
\partopsepii=\skip89
\partopsepiii=\skip90
\m@msavetopsep=\skip91
\m@msavepartopsep=\skip92
\@enLab=\toks14
\abstitleskip=\skip93
\absleftindent=\skip94
\abs@leftindent=\dimen105
\absrightindent=\skip95
\absparindent=\skip96
\absparsep=\skip97
\c@vslineno=\count93
\c@poemline=\count94
\c@modulo@vs=\count95
\c@memfvsline=\count96
\vleftskip=\skip98
\vrightskip=\skip99
\stanzaskip=\skip100
\versewidth=\skip101
\vgap=\skip102
\vindent=\skip103
\vleftmargin=\dimen106
\c@verse=\count97
\c@chrsinstr=\count98
\beforepoemtitleskip=\skip104
\afterpoemtitleskip=\skip105
\c@poem=\count99
\beforePoemTitleskip=\skip106
\midPoemTitleskip=\skip107
\afterPoemTitleskip=\skip108
\col@sep=\dimen107
\extrarowheight=\dimen108
\NC@list=\toks15
\extratabsurround=\skip109
\backup@length=\skip110
\TX@col@width=\dimen109
\TX@old@table=\dimen110
\TX@old@col=\dimen111
\TX@target=\dimen112
\TX@delta=\dimen113
\TX@cols=\count100
\TX@ftn=\toks16
\heavyrulewidth=\dimen114
\lightrulewidth=\dimen115
\cmidrulewidth=\dimen116
\belowrulesep=\dimen117
\belowbottomsep=\dimen118
\aboverulesep=\dimen119
\abovetopsep=\dimen120
\cmidrulesep=\dimen121
\cmidrulekern=\dimen122
\defaultaddspace=\dimen123
\@cmidla=\count101
\@cmidlb=\count102
\@aboverulesep=\dimen124
\@belowrulesep=\dimen125
\@thisruleclass=\count103
\@lastruleclass=\count104
\@thisrulewidth=\dimen126
\ctableftskip=\skip111
\ctabrightskip=\skip112
\abovecolumnspenalty=\count105
\@linestogo=\count106
\@cellstogo=\count107
\@cellsincolumn=\count108
\crtok=\toks17
\@mincolumnwidth=\dimen127
\c@newflo@tctr=\count109
\@contcwidth=\skip113
\@contindw=\skip114
\abovecaptionskip=\skip115
\belowcaptionskip=\skip116
\subfloattopskip=\skip117
\subfloatcapskip=\skip118
\subfloatcaptopadj=\skip119
\subfloatbottomskip=\skip120
\subfloatlabelskip=\skip121
\subfloatcapmargin=\dimen128
\c@@contsubnum=\count110
\m@mscap@capbox=\box26
\m@mscap@fbox=\box27
\sidecapsep=\dimen129
\sidecapwidth=\dimen130
\m@m@tempdima=\dimen131
\m@mscapraise=\dimen132
\sidecapraise=\dimen133
\m@mscapmainwidth=\dimen134
\m@mscaplkern=\dimen135
\beforeepigraphskip=\skip122
\afterepigraphskip=\skip123
\epigraphwidth=\skip124
\epigraphrule=\skip125
LaTeX Info: Redefining \em on input line 7217.
LaTeX Info: Redefining \emph on input line 7225.
\tocentryskip=\skip126
\tocbaseline=\skip127
\cftparskip=\skip128
\cftbeforebookskip=\skip129
\cftbookindent=\dimen136
\cftbooknumwidth=\dimen137
\cftbeforepartskip=\skip130
\cftpartindent=\skip131
\cftpartnumwidth=\skip132
\cftbeforechapterskip=\skip133
\cftchapterindent=\skip134
\cftchapternumwidth=\skip135
\cftbeforesectionskip=\skip136
\cftsectionindent=\skip137
\cftsectionnumwidth=\skip138
\cftbeforesubsectionskip=\skip139
\cftsubsectionindent=\skip140
\cftsubsectionnumwidth=\skip141
\cftbeforesubsubsectionskip=\skip142
\cftsubsubsectionindent=\skip143
\cftsubsubsectionnumwidth=\skip144
\cftbeforeparagraphskip=\skip145
\cftparagraphindent=\skip146
\cftparagraphnumwidth=\skip147
\cftbeforesubparagraphskip=\skip148
\cftsubparagraphindent=\skip149
\cftsubparagraphnumwidth=\skip150
\prechapterprecisshift=\dimen138
\c@maxsecnumdepth=\count111
\bibindent=\dimen139
\bibitemsep=\skip151
\indexcolsep=\skip152
\indexrule=\skip153
\indexmarkstyle=\toks18
\@indexbox=\insert233
\glossarycolsep=\dimen140
\glossaryrule=\dimen141
\sideparvshift=\skip154
\sideins=\insert232
\sidebartopsep=\skip155
\sidebarhsep=\skip156
\sidebarvsep=\skip157
\sidebarwidth=\skip158
\footmarkwidth=\skip159
\footmarksep=\skip160
\footparindent=\skip161
\footinsdim=\skip162
\footinsv@r=\insert231
\@mpfootinsv@r=\insert230
\m@m@k=\count112
\m@m@h=\dimen142
\m@mipn@skip=\skip163
\sidefootins=\insert229
\sidefootadjust=\skip164
\sidefootheight=\skip165
\sidefoothsep=\skip166
\sidefootvsep=\skip167
\sidefootwidth=\skip168
\m@mdownsf=\skip169
\c@sidefootnote=\count113
\sidefootmarkwidth=\skip170
\sidefootmarksep=\skip171
\sidefootparindent=\skip172
\c@pagenote=\count114
\every@verbatim=\toks19
\afterevery@verbatim=\toks20
\verbatim@line=\toks21
\tab@position=\count115
\verbatim@in@stream=\read1
\verbatimindent=\skip173
\verbatim@out=\write3
\bvboxsep=\skip174
\c@memfbvline=\count116
\c@bvlinectr=\count117
\bvnumlength=\skip175
\fb@frw=\dimen143
\fb@frh=\dimen144
\FrameRule=\dimen145
\FrameSep=\dimen146
\c@cp@cntr=\count118
LaTeX Info: Redefining \: on input line 11560.
LaTeX Info: Redefining \! on input line 11562.
\c@ism@mctr=\count119
\c@xsm@mctr=\count120
\c@csm@mctr=\count121
\c@ksm@mctr=\count122
\c@xksm@mctr=\count123
\c@cksm@mctr=\count124
\c@msm@mctr=\count125
\c@xmsm@mctr=\count126
\c@cmsm@mctr=\count127
\c@bsm@mctr=\count128
\c@workm@mctr=\count129
\c@sheetsequence=\count130
\c@lastsheet=\count131
\c@lastpage=\count132
\c@figure=\count133
\c@lofdepth=\count134
\cftbeforefigureskip=\skip176
\cftfigureindent=\skip177
\cftfigurenumwidth=\skip178
\c@table=\count135
\c@lotdepth=\count136
\cftbeforetableskip=\skip179
\cfttableindent=\skip180
\cfttablenumwidth=\skip181
Package abstract [2008/07/23] emulated by memoir.
Package appendix [2008/07/23] emulated by memoir.
Package array [2008/07/23] emulated by memoir.
Package booktabs [2008/07/23] emulated by memoir.
Package ccaption [2008/07/23] emulated by memoir.
Package changepage [2008/07/23] emulated by memoir.
Package chngcntr [2008/07/23] emulated by memoir.
Package chngpage [2008/07/23] emulated by memoir.
Package crop emulated by memoir.
Package dcolumn [2008/07/23] emulated by memoir.
Package delarray [2008/07/23] emulated by memoir.
Package enumerate [2008/07/23] emulated by memoir.
Package epigraph [2008/07/23] emulated by memoir.
Package ifmtarg [2008/07/23] emulated by memoir.
Package ifetex [2008/07/23] emulated by memoir.
Package index [2008/07/23] emulated by memoir.
Package makeidx [2008/07/23] emulated by memoir.
Package moreverb [2008/07/23] emulated by memoir.
Package mparhack [2008/07/23] emulated by memoir.
Package needspace [2008/07/23] emulated by memoir.
Package newfile [2008/07/23] emulated by memoir.
Package nextpage [2008/07/23] emulated by memoir.
Package pagenote [2008/07/23] emulated by memoir.
Package parskip [2008/07/23] emulated by memoir.
Package patchcmd [2008/07/23] emulated by memoir.
Package setspace [2008/07/23] emulated by memoir.
Package shortvrb [2008/07/23] emulated by memoir.
Package showidx [2008/07/23] emulated by memoir.
Package tabularx [2008/07/23] emulated by memoir.
Package titleref [2008/07/23] emulated by memoir.
Package titling [2008/07/23] emulated by memoir.
Package tocbibind [2008/07/23] emulated by memoir.
Package tocloft [2008/07/23] emulated by memoir.
Package tocvsec2 [2008/07/23] emulated by memoir.
Package verbatim [2008/07/23] emulated by memoir.
Package verse [2008/07/23] emulated by memoir.

("C:\Program Files\MiKTeX 2.8\tex\latex\memoir\mempatch.sty"
Package: mempatch 2009/07/24 v6.0f Patches for memoir class v1.6180339
))
("C:\Program Files\MiKTeX 2.8\tex\latex\psnfss\mathptmx.sty"
Package: mathptmx 2005/04/12 PSNFSS-v9.2a Times w/ Math, improved (SPQR, WaS) 
LaTeX Font Info:    Redeclaring symbol font `operators' on input line 28.
LaTeX Font Info:    Overwriting symbol font `operators' in version `normal'
(Font)                  OT1/cmr/m/n --> OT1/ztmcm/m/n on input line 28.
LaTeX Font Info:    Overwriting symbol font `operators' in version `bold'
(Font)                  OT1/cmr/bx/n --> OT1/ztmcm/m/n on input line 28.
LaTeX Font Info:    Redeclaring symbol font `letters' on input line 29.
LaTeX Font Info:    Overwriting symbol font `letters' in version `normal'
(Font)                  OML/cmm/m/it --> OML/ztmcm/m/it on input line 29.
LaTeX Font Info:    Overwriting symbol font `letters' in version `bold'
(Font)                  OML/cmm/b/it --> OML/ztmcm/m/it on input line 29.
LaTeX Font Info:    Redeclaring symbol font `symbols' on input line 30.
LaTeX Font Info:    Overwriting symbol font `symbols' in version `normal'
(Font)                  OMS/cmsy/m/n --> OMS/ztmcm/m/n on input line 30.
LaTeX Font Info:    Overwriting symbol font `symbols' in version `bold'
(Font)                  OMS/cmsy/b/n --> OMS/ztmcm/m/n on input line 30.
LaTeX Font Info:    Redeclaring symbol font `largesymbols' on input line 31.
LaTeX Font Info:    Overwriting symbol font `largesymbols' in version `normal'
(Font)                  OMX/cmex/m/n --> OMX/ztmcm/m/n on input line 31.
LaTeX Font Info:    Overwriting symbol font `largesymbols' in version `bold'
(Font)                  OMX/cmex/m/n --> OMX/ztmcm/m/n on input line 31.
\symbold=\mathgroup4
\symitalic=\mathgroup5
LaTeX Font Info:    Redeclaring math alphabet \mathbf on input line 34.
LaTeX Font Info:    Overwriting math alphabet `\mathbf' in version `normal'
(Font)                  OT1/cmr/bx/n --> OT1/ptm/bx/n on input line 34.
LaTeX Font Info:    Overwriting math alphabet `\mathbf' in version `bold'
(Font)                  OT1/cmr/bx/n --> OT1/ptm/bx/n on input line 34.
LaTeX Font Info:    Redeclaring math alphabet \mathit on input line 35.
LaTeX Font Info:    Overwriting math alphabet `\mathit' in version `normal'
(Font)                  OT1/cmr/m/it --> OT1/ptm/m/it on input line 35.
LaTeX Font Info:    Overwriting math alphabet `\mathit' in version `bold'
(Font)                  OT1/cmr/bx/it --> OT1/ptm/m/it on input line 35.
LaTeX Info: Redefining \hbar on input line 50.
)
("C:\Documents and Settings\Sreekar\Desktop\Dissertation SVN\pwasu.sty"
Package: pwasu 2009/04/18 v0.3 ASU thesis
\toptafiddle=\skip182
\bottafiddle=\skip183
\topfiddle=\skip184
\botfiddle=\skip185
\linespace=\skip186


******************************************************
Stock height and width: 794.96999pt by 614.295pt
Top and edge trims: 0pt and 0pt
Page height and width: 794.96999pt by 614.295pt
Text height and width: 649.13762pt by 397pt
Spine and edge margins: 108.405pt and 108.405pt
Upper and lower margins: 84.27473pt and 61.55763pt
Headheight and headsep: 1pt and 11.00475pt
Footskip: 13.6pt
Columnsep and columnseprule: 10pt and 0pt
Marginparsep and marginparwidth: 7pt and 57pt
Sidecapsep and sidecapwidth: 7pt and 57pt
Sidebarhsep and sidebarwidth: 7pt and 57pt
Sidebarvsep and sidebartopsep: 13.6pt and 0pt
Sidebarheight: 539.9202pt
Sidefoothsep and sidefootwidth: 7pt and 57pt
Sidefootvsep and sidefootheight: 13.6pt and 539.9202pt
******************************************************

) ("C:\Program Files\MiKTeX 2.8\tex\latex\graphics\graphicx.sty"
Package: graphicx 1999/02/16 v1.0f Enhanced LaTeX Graphics (DPC,SPQR)

("C:\Program Files\MiKTeX 2.8\tex\latex\graphics\keyval.sty"
Package: keyval 1999/03/16 v1.13 key=value parser (DPC)
\KV@toks@=\toks22
)
("C:\Program Files\MiKTeX 2.8\tex\latex\graphics\graphics.sty"
Package: graphics 2009/02/05 v1.0o Standard LaTeX Graphics (DPC,SPQR)

("C:\Program Files\MiKTeX 2.8\tex\latex\graphics\trig.sty"
Package: trig 1999/03/16 v1.09 sin cos tan (DPC)
)
("C:\Program Files\MiKTeX 2.8\tex\latex\00miktex\graphics.cfg"
File: graphics.cfg 2007/01/18 v1.5 graphics configuration of teTeX/TeXLive
)
Package graphics Info: Driver file: pdftex.def on input line 91.

("C:\Program Files\MiKTeX 2.8\tex\latex\pdftex-def\pdftex.def"
File: pdftex.def 2010/09/14 v0.05b Graphics/color for pdfTeX
\Gread@gobject=\count137
))
\Gin@req@height=\dimen147
\Gin@req@width=\dimen148
)
("C:\Program Files\MiKTeX 2.8\tex\latex\graphics\lscape.sty"
Package: lscape 2000/10/22 v3.01 Landscape Pages (DPC)
)
("C:\Program Files\MiKTeX 2.8\tex\latex\multirow\multirow.sty"
\bigstrutjot=\dimen149
)
("C:\Documents and Settings\Sreekar\Desktop\Dissertation SVN\pwasu.aux"

LaTeX Warning: Label `Tab:Table2' multiply defined.

)
LaTeX Font Info:    Checking defaults for OML/cmm/m/it on input line 53.
LaTeX Font Info:    ... okay on input line 53.
LaTeX Font Info:    Checking defaults for T1/cmr/m/n on input line 53.
LaTeX Font Info:    ... okay on input line 53.
LaTeX Font Info:    Checking defaults for OT1/cmr/m/n on input line 53.
LaTeX Font Info:    ... okay on input line 53.
LaTeX Font Info:    Checking defaults for OMS/cmsy/m/n on input line 53.
LaTeX Font Info:    ... okay on input line 53.
LaTeX Font Info:    Checking defaults for OMX/cmex/m/n on input line 53.
LaTeX Font Info:    ... okay on input line 53.
LaTeX Font Info:    Checking defaults for U/cmr/m/n on input line 53.
LaTeX Font Info:    ... okay on input line 53.
LaTeX Font Info:    Try loading font information for OT1+ptm on input line 53.
 ("C:\Program Files\MiKTeX 2.8\tex\latex\psnfss\ot1ptm.fd"
File: ot1ptm.fd 2001/06/04 font definitions for OT1/ptm.
)
\big@size=\dimen150

("C:\Program Files\MiKTeX 2.8\tex\context\base\supp-pdf.mkii"
[Loading MPS to PDF converter (version 2006.09.02).]
\scratchcounter=\count138
\scratchdimen=\dimen151
\scratchbox=\box28
\nofMPsegments=\count139
\nofMParguments=\count140
\everyMPshowfont=\toks23
\MPscratchCnt=\count141
\MPscratchDim=\dimen152
\MPnumerator=\count142
\everyMPtoPDFconversion=\toks24
) [1



{C:/Documents and Settings/All Users/Application Data/MiKTeX/2.8/pdftex/config/
pdftex.map}]
Overfull \vbox (12.59999pt too high) has occurred while \output is active []


[2


]
Overfull \vbox (12.59999pt too high) has occurred while \output is active []


[3

]
Overfull \vbox (12.59999pt too high) has occurred while \output is active []


[4


] ("C:\Documents and Settings\Sreekar\Desktop\Dissertation SVN\pwasu.toc"
LaTeX Font Info:    Try loading font information for OT1+ztmcm on input line 1.


("C:\Program Files\MiKTeX 2.8\tex\latex\psnfss\ot1ztmcm.fd"
File: ot1ztmcm.fd 2000/01/03 Fontinst v1.801 font definitions for OT1/ztmcm.
)
LaTeX Font Info:    Try loading font information for OML+ztmcm on input line 1.


("C:\Program Files\MiKTeX 2.8\tex\latex\psnfss\omlztmcm.fd"
File: omlztmcm.fd 2000/01/03 Fontinst v1.801 font definitions for OML/ztmcm.
)
LaTeX Font Info:    Try loading font information for OMS+ztmcm on input line 1.


("C:\Program Files\MiKTeX 2.8\tex\latex\psnfss\omsztmcm.fd"
File: omsztmcm.fd 2000/01/03 Fontinst v1.801 font definitions for OMS/ztmcm.
)
LaTeX Font Info:    Try loading font information for OMX+ztmcm on input line 1.


("C:\Program Files\MiKTeX 2.8\tex\latex\psnfss\omxztmcm.fd"
File: omxztmcm.fd 2000/01/03 Fontinst v1.801 font definitions for OMX/ztmcm.
)
LaTeX Font Info:    Font shape `OT1/ptm/bx/n' in size <10.95> not available
(Font)              Font shape `OT1/ptm/b/n' tried instead on input line 1.
LaTeX Font Info:    Font shape `OT1/ptm/bx/n' in size <8> not available
(Font)              Font shape `OT1/ptm/b/n' tried instead on input line 1.
LaTeX Font Info:    Font shape `OT1/ptm/bx/n' in size <6> not available
(Font)              Font shape `OT1/ptm/b/n' tried instead on input line 1.

Overfull \vbox (12.59999pt too high) has occurred while \output is active []


[5

]
Overfull \hbox (4.88043pt too wide) in paragraph at lines 48--48
 [][] \OT1/ptm/m/n/10.95 Ex-tract-ing Body Rock In-for-ma-tion from Mo-tion Sen
-sor Data - De-sign choice 
 []


Overfull \vbox (12.59999pt too high) has occurred while \output is active []


[6]
Overfull \vbox (12.59999pt too high) has occurred while \output is active []


[7]
Overfull \vbox (12.59999pt too high) has occurred while \output is active []


[8])
Overfull \vbox (12.59999pt too high) has occurred while \output is active []


[9] ("C:\Documents and Settings\Sreekar\Desktop\Dissertation SVN\pwasu.lot"

LaTeX Warning: Citation `solomon_challenges_2010' on page x undefined on input 
line 5.

)
Overfull \vbox (12.59999pt too high) has occurred while \output is active []


[10

] ("C:\Documents and Settings\Sreekar\Desktop\Dissertation SVN\pwasu.lof"
Overfull \vbox (12.59999pt too high) has occurred while \output is active []


[11

]
Overfull \vbox (12.59999pt too high) has occurred while \output is active []


[12])
Overfull \vbox (12.59999pt too high) has occurred while \output is active []


[13]

LaTeX Warning: Citation `riggio_assessment_1986' on page 1 undefined on input l
ine 126.


LaTeX Warning: Citation `brent_d._ruben_human_1975' on page 1 undefined on inpu
t line 131.


Overfull \vbox (12.59999pt too high) has occurred while \output is active []


[1


]
LaTeX Font Info:    Try loading font information for OMS+ptm on input line 134.

 ("C:\Program Files\MiKTeX 2.8\tex\latex\psnfss\omsptm.fd"
File: omsptm.fd 
)
LaTeX Font Info:    Font shape `OMS/ptm/m/n' in size <10.95> not available
(Font)              Font shape `OMS/cmsy/m/n' tried instead on input line 134.


LaTeX Warning: Citation `knapp_nonverbal_1996' on page 2 undefined on input lin
e 138.


LaTeX Warning: Citation `borkenau_thin_2004' on page 2 undefined on input line 
138.


Overfull \vbox (12.59999pt too high) has occurred while \output is active []


[2] <NVCEncodings.jpg, id=57, 151.11pt x 174.105pt>
File: NVCEncodings.jpg Graphic file (type jpg)
 <use NVCEncodings.jpg>

LaTeX Warning: Citation `brown_social_1986' on page 3 undefined on input line 1
52.


Overfull \vbox (12.59999pt too high) has occurred while \output is active []


[3 <C:/Documents and Settings/Sreekar/Desktop/Dissertation SVN/NVCEncodings.jpg
>] <Leakiness.jpg, id=61, 381.67593pt x 322.95656pt>
File: Leakiness.jpg Graphic file (type jpg)
 <use Leakiness.jpg>

LaTeX Warning: `h' float specifier changed to `ht'.


LaTeX Warning: Citation `burgoon_relational_1984' on page 4 undefined on input 
line 163.


LaTeX Warning: Citation `wetzel_midas_1984' on page 4 undefined on input line 1
63.


LaTeX Warning: Citation `haans_mediated_2006' on page 4 undefined on input line
 163.


LaTeX Warning: Citation `bailenson_virtual_2008' on page 4 undefined on input l
ine 163.


Overfull \vbox (12.59999pt too high) has occurred while \output is active []


[4] <SSA.jpg, id=65, 240.7905pt x 135.6705pt>
File: SSA.jpg Graphic file (type jpg)
 <use SSA.jpg>
<SSA2.jpg, id=66, 554.07pt x 90.3375pt>
File: SSA2.jpg Graphic file (type jpg)
 <use SSA2.jpg>

LaTeX Warning: `h' float specifier changed to `ht'.


LaTeX Warning: Citation `sameroff_reproductive_1975' on page 5 undefined on inp
ut line 177.


Overfull \vbox (12.59999pt too high) has occurred while \output is active []


[5 <C:/Documents and Settings/Sreekar/Desktop/Dissertation SVN/Leakiness.jpg>]

LaTeX Warning: Citation `altmann_analysis_2007' on page 6 undefined on input li
ne 181.


Overfull \vbox (12.59999pt too high) has occurred while \output is active []


[6 <C:/Documents and Settings/Sreekar/Desktop/Dissertation SVN/SSA.jpg> <C:/Doc
uments and Settings/Sreekar/Desktop/Dissertation SVN/SSA2.jpg>]

LaTeX Warning: Citation `zancanaro_automatic_2006' on page 7 undefined on input
 line 184.


LaTeX Warning: Citation `dong_using_2007' on page 7 undefined on input line 184
.


Overfull \vbox (12.59999pt too high) has occurred while \output is active []


[7]

LaTeX Warning: Citation `hawkins_intelligence_2004' on page 8 undefined on inpu
t line 189.

<SSALearning.jpg, id=77, 598.48593pt x 237.88875pt>
File: SSALearning.jpg Graphic file (type jpg)
 <use SSALearning.jpg>

LaTeX Warning: Citation `rogers_edward_2002' on page 8 undefined on input line 
199.


Overfull \vbox (12.59999pt too high) has occurred while \output is active []


[8 <C:/Documents and Settings/Sreekar/Desktop/Dissertation SVN/SSALearning.jpg>
]
Missing character: There is no â in font ptmr7t!
Missing character: There is no € in font ptmr7t!
Missing character: There is no ™ in font ptmr7t!


LaTeX Warning: Citation `knapp_nonverbal_1996' on page 9 undefined on input lin
e 206.


Overfull \vbox (12.59999pt too high) has occurred while \output is active []


[9]

LaTeX Warning: Citation `hargie_social_1994' on page 10 undefined on input line
 215.


LaTeX Warning: Citation `walsh_person-environment_2000' on page 10 undefined on
 input line 215.


LaTeX Warning: Citation `kenrick_ambient_1986' on page 10 undefined on input li
ne 215.


LaTeX Warning: Citation `krupat_people_1985' on page 10 undefined on input line
 215.


LaTeX Warning: Citation `sommer_personal_1969' on page 10 undefined on input li
ne 225.


LaTeX Warning: Citation `sommer_tight_1974' on page 10 undefined on input line 
225.


LaTeX Warning: Citation `schauss_psysiological_1985' on page 10 undefined on in
put line 226.


LaTeX Warning: Citation `bottomley_interactive_2006' on page 10 undefined on in
put line 226.


LaTeX Warning: Citation `farrenkopf_university_1980' on page 10 undefined on in
put line 228.


LaTeX Warning: Citation `moos_human_1985' on page 10 undefined on input line 22
9.


LaTeX Warning: Citation `manusov_attribution_2001' on page 10 undefined on inpu
t line 230.


LaTeX Warning: Citation `north_-store_1997' on page 10 undefined on input line 
230.


LaTeX Warning: Citation `meer_light_1985' on page 10 undefined on input line 23
1.


LaTeX Warning: Citation `kenrick_ambient_1986' on page 10 undefined on input li
ne 232.


LaTeX Warning: Citation `berry_attractive_1991' on page 10 undefined on input l
ine 239.


LaTeX Warning: Citation `johnson_clothing_1977' on page 10 undefined on input l
ine 239.


LaTeX Warning: Citation `helen_h._jennings_sociometry_1959' on page 10 undefine
d on input line 239.


Overfull \vbox (12.59999pt too high) has occurred while \output is active []


[10]

LaTeX Warning: Citation `berry_attractive_1991' on page 11 undefined on input l
ine 251.


LaTeX Warning: Citation `zebrowitz_reading_1997' on page 11 undefined on input 
line 251.


LaTeX Warning: Citation `berry_perceiving_1986' on page 11 undefined on input l
ine 251.


LaTeX Warning: Citation `cortes_physique_1965' on page 11 undefined on input li
ne 253.


LaTeX Warning: Citation `tucker_physical_1984' on page 11 undefined on input li
ne 253.


LaTeX Warning: Citation `cameron_courtship_1977' on page 11 undefined on input 
line 255.


LaTeX Warning: Citation `ogden_prevalence_2002' on page 11 undefined on input l
ine 257.


LaTeX Warning: Citation `griffin_black_1996' on page 11 undefined on input line
 259.


LaTeX Warning: Citation `porter_olfaction_1998' on page 11 undefined on input l
ine 261.


LaTeX Warning: Citation `lord_identification_1989' on page 11 undefined on inpu
t line 261.


LaTeX Warning: Citation `russell_human_1976' on page 11 undefined on input line
 261.


LaTeX Warning: Citation `barber_mustache_2001' on page 11 undefined on input li
ne 263.


LaTeX Warning: Citation `johnson_clothing_1977' on page 11 undefined on input l
ine 265.


LaTeX Warning: Citation `hensley_effects_1981' on page 11 undefined on input li
ne 265.


LaTeX Warning: Citation `joseph_uniforms_1986' on page 11 undefined on input li
ne 267.


LaTeX Warning: Citation `rosenfeld_clothing_1977' on page 11 undefined on input
 line 267.


LaTeX Warning: Citation `sanders_customizing_2008' on page 11 undefined on inpu
t line 269.


Overfull \vbox (12.59999pt too high) has occurred while \output is active []


[11]

LaTeX Warning: Citation `ekman_nonverbal_1976' on page 12 undefined on input li
ne 283.


LaTeX Warning: Citation `wagner_field_2003' on page 12 undefined on input line 
283.


LaTeX Warning: Citation `efron_gesture_1972' on page 12 undefined on input line
 284.


LaTeX Warning: Citation `weisfeld_erectness_1982' on page 12 undefined on input
 line 289.


LaTeX Warning: Citation `grant_comparison_1963' on page 12 undefined on input l
ine 289.


Overfull \vbox (12.59999pt too high) has occurred while \output is active []


[12]

LaTeX Warning: Citation `kleinsmith_cross-cultural_2006' on page 13 undefined o
n input line 291.


LaTeX Warning: Citation `montagu_touching:_1986' on page 13 undefined on input 
line 294.


LaTeX Warning: Citation `afifi_use_1999' on page 13 undefined on input line 294
.


LaTeX Warning: Citation `hertenstein_communicative_2006' on page 13 undefined o
n input line 294.


LaTeX Warning: Citation `hertenstein_touch_2006' on page 13 undefined on input 
line 294.


LaTeX Warning: Citation `robles-de-la-torre_principles_2008' on page 13 undefin
ed on input line 294.


LaTeX Warning: Citation `carver_development_2002' on page 13 undefined on input
 line 297.


LaTeX Warning: Citation `rinn_neuropsychology_1984' on page 13 undefined on inp
ut line 297.


Overfull \vbox (12.59999pt too high) has occurred while \output is active []


[13]

LaTeX Warning: Citation `ekman_facial_1978' on page 14 undefined on input line 
299.


LaTeX Warning: Citation `izard_maximally_1983' on page 14 undefined on input li
ne 299.


Overfull \hbox (2.31694pt too wide) in paragraph at lines 301--303
[]\OT1/ptm/m/it/10.95 Facial Ac-tion Cod-ing Sys-tem (FACS): \OT1/ptm/m/n/10.95
 FACS de-fines all pos-si-ble fa-cial fea-ture move-
 []


LaTeX Warning: Citation `argyle_gaze_1976' on page 14 undefined on input line 3
38.


LaTeX Warning: Citation `kleinke_gaze_1986' on page 14 undefined on input line 
338.


LaTeX Warning: Citation `kendon_functions_1967' on page 14 undefined on input l
ine 338.


Overfull \vbox (12.59999pt too high) has occurred while \output is active []


[14]

LaTeX Warning: Citation `mast_dominance_2002' on page 15 undefined on input lin
e 354.


LaTeX Warning: Citation `bavelas_listener_2002' on page 15 undefined on input l
ine 354.


LaTeX Warning: Citation `van_dulmen_shifts_1997' on page 15 undefined on input 
line 354.


Underfull \hbox (badness 1122) in paragraph at lines 354--354
[]|\OT1/ptm/m/n/10.95 Gaze pro-vides a means for in-di-vid-u-als
 []


LaTeX Warning: Citation `glenberg_averting_1998' on page 15 undefined on input 
line 354.


Underfull \hbox (badness 1082) in paragraph at lines 354--354
\OT1/ptm/m/n/10.95 com-plex ideas or tasks. Stud-ies have
 []


LaTeX Warning: Citation `orozco_confidence_2008' on page 15 undefined on input 
line 354.


Underfull \hbox (badness 1490) in paragraph at lines 354--354
[]|\OT1/ptm/m/n/10.95 Along with the fa-cial mus-cu-lar move-
 []


Overfull \vbox (12.59999pt too high) has occurred while \output is active []


[15]
Overfull \vbox (12.59999pt too high) has occurred while \output is active []


[16]
Overfull \vbox (12.59999pt too high) has occurred while \output is active []


[17]

LaTeX Warning: Citation `segrin_poor_2000' on page 18 undefined on input line 3
68.


Overfull \vbox (12.59999pt too high) has occurred while \output is active []


[18

]

LaTeX Warning: Citation `jindal-snape_generalization_2004' on page 19 undefined
 on input line 372.


LaTeX Warning: Citation `jindal-snape_use_2005' on page 19 undefined on input l
ine 372.


LaTeX Warning: Citation `jindal-snape_using_1998' on page 19 undefined on input
 line 372.


LaTeX Warning: Citation `jindal-snape_generalization_2004' on page 19 undefined
 on input line 374.


LaTeX Warning: Citation `shinohara_blind_2009' on page 19 undefined on input li
ne 374.


LaTeX Warning: Citation `solomon_challenges_2010' on page 19 undefined on input
 line 377.


Overfull \vbox (12.59999pt too high) has occurred while \output is active []


[19]

LaTeX Warning: Citation `solomon_challenges_2010' on page 20 undefined on input
 line 382.


LaTeX Warning: Citation `solomon_challenges_2010' on page 20 undefined on input
 line 382.

<Suggestion1.jpg, id=116, 529.22719pt x 265.74281pt>
File: Suggestion1.jpg Graphic file (type jpg)
 <use Suggestion1.jpg>
<Suggestion2.jpg, id=117, 368.1253pt x 281.55188pt>
File: Suggestion2.jpg Graphic file (type jpg)
 <use Suggestion2.jpg>
<Suggestion3.jpg, id=118, 562.35094pt x 350.05782pt>
File: Suggestion3.jpg Graphic file (type jpg)
 <use Suggestion3.jpg>
Overfull \vbox (12.59999pt too high) has occurred while \output is active []


[20]
Overfull \vbox (12.59999pt too high) has occurred while \output is active []


[21 <C:/Documents and Settings/Sreekar/Desktop/Dissertation SVN/Suggestion1.jpg
> <C:/Documents and Settings/Sreekar/Desktop/Dissertation SVN/Suggestion2.jpg> 
<C:/Documents and Settings/Sreekar/Desktop/Dissertation SVN/Suggestion3.jpg>]

LaTeX Warning: Citation `zhihong_zeng_survey_2009' on page 22 undefined on inpu
t line 415.


LaTeX Warning: Citation `ur_rehman_manifold_2007' on page 22 undefined on input
 line 415.


LaTeX Warning: Citation `teeters_self-cam:_2006' on page 22 undefined on input 
line 419.


Overfull \vbox (12.59999pt too high) has occurred while \output is active []


[22

]

LaTeX Warning: Citation `vinciarelli_social_2008' on page 23 undefined on input
 line 424.


LaTeX Warning: Citation `kim_meeting_2008' on page 23 undefined on input line 4
24.


LaTeX Warning: Citation `pentland_honest_2008' on page 23 undefined on input li
ne 424.


LaTeX Warning: Citation `vinciarelli_social_2008-1' on page 23 undefined on inp
ut line 424.


Overfull \vbox (12.59999pt too high) has occurred while \output is active []


[23]

LaTeX Warning: Citation `transon_using_1988' on page 24 undefined on input line
 428.


LaTeX Warning: Citation `felps_modification_1988' on page 24 undefined on input
 line 428.


LaTeX Warning: Citation `transon_using_1988' on page 24 undefined on input line
 428.


LaTeX Warning: Citation `jindal-snape_use_2005' on page 24 undefined on input l
ine 428.


LaTeX Warning: Citation `felps_modification_1988' on page 24 undefined on input
 line 433.


Overfull \vbox (12.59999pt too high) has occurred while \output is active []


[24]
LaTeX Font Info:    Font shape `OT1/ptm/bx/n' in size <9> not available
(Font)              Font shape `OT1/ptm/b/n' tried instead on input line 464.
LaTeX Font Info:    Font shape `OT1/ptm/bx/n' in size <7> not available
(Font)              Font shape `OT1/ptm/b/n' tried instead on input line 464.
LaTeX Font Info:    Font shape `OT1/ptm/bx/n' in size <5> not available
(Font)              Font shape `OT1/ptm/b/n' tried instead on input line 464.
LaTeX Font Info:    Font shape `OMS/ptm/m/n' in size <9> not available
(Font)              Font shape `OMS/cmsy/m/n' tried instead on input line 468.

Overfull \vbox (12.59999pt too high) has occurred while \output is active []


[25]
Overfull \vbox (12.59999pt too high) has occurred while \output is active []


[26]
Overfull \vbox (12.59999pt too high) has occurred while \output is active []


[27]

LaTeX Warning: `h' float specifier changed to `ht'.

<histogram.jpg, id=145, 421.575pt x 316.18124pt>
File: histogram.jpg Graphic file (type jpg)
 <use histogram.jpg>

LaTeX Warning: `h' float specifier changed to `ht'.


Overfull \vbox (12.59999pt too high) has occurred while \output is active []


[28]
Overfull \vbox (12.59999pt too high) has occurred while \output is active []


[29]
Overfull \vbox (12.59999pt too high) has occurred while \output is active []


[30 <C:/Documents and Settings/Sreekar/Desktop/Dissertation SVN/histogram.jpg>]
<responseratio.jpg, id=156, 421.575pt x 316.18124pt>
File: responseratio.jpg Graphic file (type jpg)
 <use responseratio.jpg>

LaTeX Warning: Reference `AppendixA' on page 31 undefined on input line 556.


Overfull \vbox (12.59999pt too high) has occurred while \output is active []


[31 <C:/Documents and Settings/Sreekar/Desktop/Dissertation SVN/responseratio.j
pg>] <rankaverage.jpg, id=160, 612.78937pt x 395.22656pt>
File: rankaverage.jpg Graphic file (type jpg)

<use rankaverage.jpg>
Overfull \vbox (12.59999pt too high) has occurred while \output is active []


[32 <C:/Documents and Settings/Sreekar/Desktop/Dissertation SVN/rankaverage.jpg
>]
Overfull \vbox (12.59999pt too high) has occurred while \output is active []


[33

]
Overfull \vbox (12.59999pt too high) has occurred while \output is active []


[34]
Overfull \vbox (12.59999pt too high) has occurred while \output is active []


[35]
Overfull \vbox (12.59999pt too high) has occurred while \output is active []


[36]
Overfull \vbox (12.59999pt too high) has occurred while \output is active []


[37]
Overfull \vbox (12.59999pt too high) has occurred while \output is active []


[38] <JMMFigure1.JPG, id=183, 459.96844pt x 312.41719pt>
File: JMMFigure1.JPG Graphic file (type jpg)
 <use JMMFigure1.JPG>
Overfull \vbox (12.59999pt too high) has occurred while \output is active []


[39]
Overfull \vbox (12.59999pt too high) has occurred while \output is active []


[40 <C:/Documents and Settings/Sreekar/Desktop/Dissertation SVN/JMMFigure1.JPG>
]
Overfull \vbox (12.59999pt too high) has occurred while \output is active []


[41] <JMMFigure2.JPG, id=193, 922.44624pt x 673.51625pt>
File: JMMFigure2.JPG Graphic file (type jpg)
 <use JMMFigure2.JPG>
Overfull \vbox (12.59999pt too high) has occurred while \output is active []


[42 <C:/Documents and Settings/Sreekar/Desktop/Dissertation SVN/JMMFigure2.JPG>
] <AccelerometerData.jpg, id=198, 1245.65375pt x 729.72626pt>
File: AccelerometerData.jpg Graphic file (type jpg)

<use AccelerometerData.jpg>
Overfull \vbox (12.59999pt too high) has occurred while \output is active []


[43 <C:/Documents and Settings/Sreekar/Desktop/Dissertation SVN/AccelerometerDa
ta.jpg>]
Overfull \vbox (12.59999pt too high) has occurred while \output is active []


[44]
Overfull \vbox (12.59999pt too high) has occurred while \output is active []


[45]

! LaTeX Error: Something's wrong--perhaps a missing \item.

See the LaTeX manual or LaTeX Companion for explanation.
Type  H <return>  for immediate help.
 ...                                              
                                                  
l.675 ... Feature Identification Numbers: 1, 2, 3}
                                                   & LB & Lucus Radebe \\ & ...

? 
! Emergency stop.
 ...                                              
                                                  
l.675 ... Feature Identification Numbers: 1, 2, 3}
                                                   & LB & Lucus Radebe \\ & ...

Try typing  <return>  to proceed.
If that doesn't work, type  X <return>  to quit.

 
Here is how much of TeX's memory you used:
 4788 strings out of 495285
 64615 string characters out of 3180282
 155179 words of memory out of 3000000
 7950 multiletter control sequences out of 15000+200000
 33311 words of font info for 73 fonts, out of 3000000 for 9000
 14 hyphenation exceptions out of 8191
 29i,11n,24p,2007b,322s stack positions out of 5000i,500n,10000p,200000b,50000s
!  ==> Fatal error occurred, no output PDF file produced!
