ur_rehman_manifold_2007				46		2041 
shinohara_observing_2007				117		5644 
rehman_vibrotactile_2008				163		7775 
teeters_self-cam:_2006				173		5900 6010 
yeasin_recognition_2006				220		1132 2652 
jaewon_sung_combining_2007				234		2767 
fawky_eye_2007				244		2808 
kulic_combining_2008				254		2843 
villanueva_novel_2008				265		2914 
bolder_robotics_2007				279		2928 
yinggang_xie_control_2006				290		2939 
bacivarov_statistical_2008				300		2972 
rajashekar_gaffe:_2008				314		2995 
valenti_accurate_2008				329		3062 
funahashi_control_2007				340		3098 
miyazaki_sice_2007				350		3118 
shan_du_robust_2007				360		3138 
mitra_gesture_2007				372		3150 
rurainsky_image_2007				387		3165 
nunamaker_hmm-based_2005				399		3177 
fukuda_detecting_2008				409		3187 
jingyu_yan_factorization-based_2008				419		3197 
meservy_deception_2005				433		3232 
amft_detection_2005				447		7481 
ravi_activity_2005				457		7461 
russell_british_2007				473		2646 
ozden_background_2005				479		3375 
hahnel_color_2004				490		2697 3406 
todorovic_detection_2004				501		2718 3427 
_ultrasonic_????				512		2729 
ren_statistical_2003				517		2734 3443 
zhang_distributed_2008				530		2757 3466 
matta_behavioural_2006				540		2787 3486 
adam_aggregated_2006				550		2797 
oliver_bayesian_2000				561		2829 3518 
ming-hsuan_yang_detecting_2002				575		2854 
viola_robust_2001				590		2869 3547 5031 
bhattacharya_evaluation_2008				599		2878 
yacoob_detection_2006				609		2949 3592 
arthur_demonstration_2008				623		3020 3634 
gallagher_clothing_2008				633		3030 
ram_people_1998				644		3051 3665 3978 6155 7310 
radke_image_2005				655		3073 4527 
usman_saeed_multimedia_2006				670		3211 3721 
brewster_tactons:_2004				1340		3990 6176 7331 
tsukada_activebelt:_2004				1373		8351 
rupert_instrumentation_2000				1396		8231 
wall_balance_2003				1425		8140 
erp_waypoint_2005				1439		8194 
jones_localization_2008				1469		8314 
brell_fusion_2008				1488		7821 
uchiyama_vibrotactile_2008				1555		7870 
chang_comtouch:_2002				1784		8253 
collins_automatic_2002				2677		3386 
yijun_xiao_topological_2003				2687		3396 
haibin_ling_study_2007				2818		3507 
sano_human_2004				2888		3566 
xuelong_li_gait_2008				2900		3578 
kanaujia_computer_2006				2986		3615 
balan_computer_2007				3010		3624 
barnard_body_2008				3041		3655 
sangho_park_motion_2002				3088		3691 
_person_2002				3108		3701 
kawade_micromechatronics_2002				3128		3711 
xuelong_li_gender_2007				3246		3742 
viola_robust_2001				3547		5031 
ram_people_1998				3665		3978 6155 7310 
barralon_development_2007				3943		6279 7434 
brown_first_2005				3958		6294 
hall_hidden_1990				3969		4940 6217 
yang_detecting_2002				4018		6233 7388 
sentz_combination_2002				4034		6121 7276 
phillips_feret_2000				4041		7343 
bilmes_gentle_1997				4055		6136 7291 
perez_markov_1998				4065		6146 
vezjak_anthropological_????				4074		7322 
paget_texture_1997				4083		6128 
geldard_adventures_1957				4107		6249 8065 
krishna_using_2008				4121		7381 8268 
segrin_poor_2000				4128		4416 5150 7029 
riggio_assessment_1986				4178		5126 
riggio_social_1991				4188		5139 
estevis_cognitive_1994				4219		6883 
raver_increasing_1988				4245		6860 
ohlsen_control_1978				4254		6778 
mcadam_self-monitoring_1993				4263		4992 6762 
blasch_blindisms:_1972				4278		6751 
jankovic_stereotypies_1994				4288		5060 6925 
thompson_stereotyped_1995				4300		6812 
shabani_reducing_2001				4317		6831 
mchugh_impact_2003				4333		6972 
mchugh_development_1999				4348		7012 
haag_repetitive_1985				4364		5097 6910 
reivich_behavior_1972				4379		5112 6998 
eichel_taxonomy_1979				4404		6708 
jindal-snape_generalization_2004				4427		5199 5498 5612 6989 7950 
karantonis_implementation_2006				4436		6798 
yu_loneliness_2005				4450		5185 6869 
schloss_increasing_1994				4464		6952 
loftin_social_2008				4474		6733 
raver_modification_1984				4490		6721 
felps_modification_1988				4512		5215 6849 
nakamura_somatosensory_1998				4740		7745 
baron-cohen_social_1999				4850		5017 
jameson_principles_1945				4874		4893 
knapp_nonverbal_1996				4883		5660 7972 
mcgaha_interactions_2001				4931		5524 
kekelis_development_1992				4982		5537 
krishna_systematic_2008				5040		5621 7933 
fawcett_introduction_2006				5225		7233 
rabiner_tutorial_1989				5238		7072 
bao_activity_2004				5266		7116 
bussmann_second_2001				5273		7139 
yuan_induction_1995				5283		7161 
seon-woo_lee_activity_2002				5295		7246 
vezhnevets_gml_2007				5309		7130 
vezhnevets_modest_2005				5318		7123 
grant_validation_2006				5325		7187 
cristianini_introduction_2000				5348		7223 
chambers_hierarchical_2002				5369		7201 
arteaga_low-cost_2008				5381		7260 
polikar_ensemble_2006				5395		7173 
_drm103_2008				5409		7214 
benjamini_opening_1988				5418		7100 
krishnan_analysis_2008				5444		7149 
jindal-snape_using_1998				5486		6962 
jindal-snape_generalization_2004				5498		5612 6989 7950 
shinohara_blind_2009				5559		7898 
ambady_thin_1992				5670		7919 
hoyt_social_2003				5864		5986 
ram_people_1998				6155		7310 
hjelmas_face_2001				6263		7418 
jindal-snape_generalization_2004				6989		7950 
