This is pdfTeX, Version 3.141592-1.40.3 (MiKTeX 2.6) (preloaded format=latex 2007.10.3)  25 JUN 2008 10:55
entering extended mode
**D:/Research*Project/Skin*Color*Classification/ICVGIP*2008/latex8*v4.tex
("D:\Research Project\Skin Color Classification\ICVGIP 2008\latex8 v4.tex"
LaTeX2e <2005/12/01>
Babel <v3.8g> and hyphenation patterns for english, dumylang, nohyphenation, ge
rman, ngerman, french, loaded.
("C:\Program Files\MiKTeX 2.6\tex\latex\base\article.cls"
Document Class: article 2005/09/16 v1.4f Standard LaTeX document class
("C:\Program Files\MiKTeX 2.6\tex\latex\base\size10.clo"
File: size10.clo 2005/09/16 v1.4f Standard LaTeX file (size option)
)
\c@part=\count79
\c@section=\count80
\c@subsection=\count81
\c@subsubsection=\count82
\c@paragraph=\count83
\c@subparagraph=\count84
\c@figure=\count85
\c@table=\count86
\abovecaptionskip=\skip41
\belowcaptionskip=\skip42
\bibindent=\dimen102
) (latex8.sty
IEEE 8.5 x 11-Inch Proceedings Style `latex8.sty'.
\@ctmp=\skip43
\@figindent=\skip44
) ("C:\Program Files\MiKTeX 2.6\tex\latex\subfigure\subfigure.sty"
Package: subfigure 2002/07/30 v2.1.4 subfigure package
\subfigtopskip=\skip45
\subfigcapskip=\skip46
\subfigcaptopadj=\dimen103
\subfigbottomskip=\skip47
\subfigcapmargin=\dimen104
\subfiglabelskip=\skip48
\c@subfigure=\count87
\c@lofdepth=\count88
\c@subtable=\count89
\c@lotdepth=\count90

****************************************
* Local config file subfigure.cfg used *
****************************************
("C:\Program Files\MiKTeX 2.6\tex\latex\subfigure\subfigure.cfg")
\subfig@top=\skip49
\subfig@bottom=\skip50
)
("C:\Program Files\MiKTeX 2.6\tex\latex\psnfss\times.sty"
Package: times 2005/04/12 PSNFSS-v9.2a (SPQR) 
)
("C:\Program Files\MiKTeX 2.6\tex\latex\amsmath\amsmath.sty"
Package: amsmath 2000/07/18 v2.13 AMS math features
\@mathmargin=\skip51

For additional information on amsmath, use the `?' option.
("C:\Program Files\MiKTeX 2.6\tex\latex\amsmath\amstext.sty"
Package: amstext 2000/06/29 v2.01

("C:\Program Files\MiKTeX 2.6\tex\latex\amsmath\amsgen.sty"
File: amsgen.sty 1999/11/30 v2.0
\@emptytoks=\toks14
\ex@=\dimen105
))
("C:\Program Files\MiKTeX 2.6\tex\latex\amsmath\amsbsy.sty"
Package: amsbsy 1999/11/29 v1.2d
\pmbraise@=\dimen106
)
("C:\Program Files\MiKTeX 2.6\tex\latex\amsmath\amsopn.sty"
Package: amsopn 1999/12/14 v2.01 operator names
)
\inf@bad=\count91
LaTeX Info: Redefining \frac on input line 211.
\uproot@=\count92
\leftroot@=\count93
LaTeX Info: Redefining \overline on input line 307.
\classnum@=\count94
\DOTSCASE@=\count95
LaTeX Info: Redefining \ldots on input line 379.
LaTeX Info: Redefining \dots on input line 382.
LaTeX Info: Redefining \cdots on input line 467.
\Mathstrutbox@=\box26
\strutbox@=\box27
\big@size=\dimen107
LaTeX Font Info:    Redeclaring font encoding OML on input line 567.
LaTeX Font Info:    Redeclaring font encoding OMS on input line 568.
\macc@depth=\count96
\c@MaxMatrixCols=\count97
\dotsspace@=\muskip10
\c@parentequation=\count98
\dspbrk@lvl=\count99
\tag@help=\toks15
\row@=\count100
\column@=\count101
\maxfields@=\count102
\andhelp@=\toks16
\eqnshift@=\dimen108
\alignsep@=\dimen109
\tagshift@=\dimen110
\tagwidth@=\dimen111
\totwidth@=\dimen112
\lineht@=\dimen113
\@envbody=\toks17
\multlinegap=\skip52
\multlinetaggap=\skip53
\mathdisplay@stack=\toks18
LaTeX Info: Redefining \[ on input line 2666.
LaTeX Info: Redefining \] on input line 2667.
)
("C:\Program Files\MiKTeX 2.6\tex\latex\graphics\epsfig.sty"
Package: epsfig 1999/02/16 v1.7a (e)psfig emulation (SPQR)

("C:\Program Files\MiKTeX 2.6\tex\latex\graphics\graphicx.sty"
Package: graphicx 1999/02/16 v1.0f Enhanced LaTeX Graphics (DPC,SPQR)

("C:\Program Files\MiKTeX 2.6\tex\latex\graphics\keyval.sty"
Package: keyval 1999/03/16 v1.13 key=value parser (DPC)
\KV@toks@=\toks19
)
("C:\Program Files\MiKTeX 2.6\tex\latex\graphics\graphics.sty"
Package: graphics 2006/02/20 v1.0o Standard LaTeX Graphics (DPC,SPQR)

("C:\Program Files\MiKTeX 2.6\tex\latex\graphics\trig.sty"
Package: trig 1999/03/16 v1.09 sin cos tan (DPC)
)
("C:\Program Files\MiKTeX 2.6\tex\latex\00miktex\graphics.cfg"
File: graphics.cfg 2005/12/29 v1.2 MiKTeX 'graphics' configuration
)
Package graphics Info: Driver file: dvips.def on input line 90.

("C:\Program Files\MiKTeX 2.6\tex\latex\graphics\dvips.def"
File: dvips.def 1999/02/16 v3.0i Driver-dependant file (DPC,SPQR)
))
\Gin@req@height=\dimen114
\Gin@req@width=\dimen115
)
\epsfxsize=\dimen116
\epsfysize=\dimen117
)
("C:\Program Files\MiKTeX 2.6\tex\latex\tools\longtable.sty"
Package: longtable 2004/02/01 v4.11 Multi-page Table package (DPC)
\LTleft=\skip54
\LTright=\skip55
\LTpre=\skip56
\LTpost=\skip57
\LTchunksize=\count103
\LTcapwidth=\dimen118
\LT@head=\box28
\LT@firsthead=\box29
\LT@foot=\box30
\LT@lastfoot=\box31
\LT@cols=\count104
\LT@rows=\count105
\c@LT@tables=\count106
\c@LT@chunks=\count107
\LT@p@ftn=\toks20
) (caption.sty
Package: caption 2008/04/01 v3.1h Customizing captions (AR)

(caption3.sty
Package: caption3 2008/03/20 v3.1h caption3 kernel (AR)
\captionmargin=\dimen119
\captionmargin@=\dimen120
\captionwidth=\dimen121
\caption@indent=\dimen122
\caption@parindent=\dimen123
\caption@hangindent=\dimen124
Package caption Info: Unknown document class (or package),
(caption)             standard defaults will be used on input line 1024.
)

Package caption Warning: Unsupported document class (or package) detected,
(caption)                usage of the caption package is not recommended.

Package caption Info: \@makecaption = \long macro:#1#2-> \vskip -10pt \setbox \
@tempboxa \hbox {\tenhv \noindent #1.~#2} \setlength {\@ctmp }{\hsize } \addtol
ength {\@ctmp }{-\@figindent }\addtolength {\@ctmp }{-\@figindent } \ifdim \wd 
\@tempboxa >\@ctmp \begin {list}{}{\leftmargin \@figindent \rightmargin \leftma
rgin } \item []\tenhv #1.~#2\par \end {list} \else \hbox to\hsize {\hfil \box \
@tempboxa \hfil } \fi .
\c@ContinuedFloat=\count108
Package caption Info: longtable package is loaded.
(ltcaption.sty
Package: ltcaption 2008/03/28 v1.2 longtable captions (AR)
)
Package caption Info: subfigure package is loaded.
)

LaTeX Warning: Unused global option(s):
    [times].

("latex8 v4.aux")
LaTeX Font Info:    Checking defaults for OML/cmm/m/it on input line 27.
LaTeX Font Info:    ... okay on input line 27.
LaTeX Font Info:    Checking defaults for T1/cmr/m/n on input line 27.
LaTeX Font Info:    ... okay on input line 27.
LaTeX Font Info:    Checking defaults for OT1/cmr/m/n on input line 27.
LaTeX Font Info:    ... okay on input line 27.
LaTeX Font Info:    Checking defaults for OMS/cmsy/m/n on input line 27.
LaTeX Font Info:    ... okay on input line 27.
LaTeX Font Info:    Checking defaults for OMX/cmex/m/n on input line 27.
LaTeX Font Info:    ... okay on input line 27.
LaTeX Font Info:    Checking defaults for U/cmr/m/n on input line 27.
LaTeX Font Info:    ... okay on input line 27.
LaTeX Font Info:    Try loading font information for OT1+ptm on input line 27.
 ("C:\Program Files\MiKTeX 2.6\tex\latex\psnfss\ot1ptm.fd"
File: ot1ptm.fd 2001/06/04 font definitions for OT1/ptm.
)
Package caption Info: Begin \AtBeginDocument code.
Package caption Info: End \AtBeginDocument code.
LaTeX Font Info:    Font shape `OT1/ptm/bx/n' in size <14.4> not available
(Font)              Font shape `OT1/ptm/b/n' tried instead on input line 35.
LaTeX Font Info:    Font shape `OT1/ptm/bx/n' in size <12> not available
(Font)              Font shape `OT1/ptm/b/n' tried instead on input line 38.
File: Figure1.eps Graphic file (type eps)

<Figure1.eps>
LaTeX Font Info:    Font shape `OT1/ptm/bx/n' in size <10> not available
(Font)              Font shape `OT1/ptm/b/n' tried instead on input line 69.
LaTeX Font Info:    Try loading font information for OT1+phv on input line 69.
 ("C:\Program Files\MiKTeX 2.6\tex\latex\psnfss\ot1phv.fd"
File: ot1phv.fd 2001/06/04 scalable font definitions for OT1/phv.
)
LaTeX Font Info:    Font shape `OT1/phv/bx/n' in size <10> not available
(Font)              Font shape `OT1/phv/b/n' tried instead on input line 69.


LaTeX Warning: `h' float specifier changed to `ht'.

File: Figure2.eps Graphic file (type eps)
<Figure2.eps>
Overfull \hbox (15.80905pt too wide) in paragraph at lines 91--93
 [][][] 
 []


LaTeX Warning: `h' float specifier changed to `ht'.

[1


]
LaTeX Font Info:    Font shape `OT1/ptm/bx/it' in size <10> not available
(Font)              Font shape `OT1/ptm/b/it' tried instead on input line 153.
File: Figure3.eps Graphic file (type eps)
 <Figure3.eps>

LaTeX Warning: `h' float specifier changed to `ht'.

[2]
File: Figure4.eps Graphic file (type eps)
 <Figure4.eps>
Overfull \hbox (15.80905pt too wide) in paragraph at lines 203--205
 [][][] 
 []


Underfull \hbox (badness 1584) in paragraph at lines 195--208
\OML/cmm/m/it/10 [] \OT1/cmr/m/n/10 = [0\OML/cmm/m/it/10 :\OT1/cmr/m/n/10 3\OM
L/cmm/m/it/10 ; \OT1/cmr/m/n/10 0\OML/cmm/m/it/10 :\OT1/cmr/m/n/10 32]$\OT1/ptm
/m/n/10 , $\OT1/cmr/m/n/10 [] = []$\OT1/ptm/m/n/10 , $\OT1/cmr/m/n/10 [] =
 []


LaTeX Warning: `h' float specifier changed to `ht'.


Underfull \hbox (badness 10000) in paragraph at lines 209--209
[]\OT1/ptm/b/n/10 Dynamically Learnt Multi-modal Gaus-sian
 []

File: Figure5.eps Graphic file (type eps)
<Figure5.eps>
File: Figure6.eps Graphic file (type eps)
 <Figure6.eps>
Overfull \hbox (24.93652pt too wide) in paragraph at lines 252--256
[][]  [] 
 []

LaTeX Font Info:    Font shape `OT1/phv/bx/it' in size <10> not available
(Font)              Font shape `OT1/phv/b/it' tried instead on input line 256.
LaTeX Font Info:    Font shape `OT1/phv/b/it' in size <10> not available
(Font)              Font shape `OT1/phv/b/sl' tried instead on input line 256.

Underfull \hbox (badness 1596) in paragraph at lines 243--259
[]\OT1/ptm/m/n/10 The skin and non-skin mod-els, $\OML/cmm/m/it/10 f[]\OT1/cmr/
m/n/10 (\OML/cmm/m/it/10 x\OT1/cmr/m/n/10 )$ \OT1/ptm/m/n/10 and
 []


Underfull \vbox (badness 6396) has occurred while \output is active []

 [3]
File: Figure7.eps Graphic file (type eps)

<Figure7.eps>
Overfull \hbox (32.16286pt too wide) in paragraph at lines 325--327
[][]  [] 
 []

[4]
File: Figure8.eps Graphic file (type eps)
 <Figure8.eps>
Overfull \hbox (32.16286pt too wide) in paragraph at lines 350--352
[][]  [] 
 []

LaTeX Font Info:    Try loading font information for OMS+ptm on input line 370.

("C:\Program Files\MiKTeX 2.6\tex\latex\psnfss\omsptm.fd"
File: omsptm.fd 
)
LaTeX Font Info:    Font shape `OMS/ptm/m/n' in size <10> not available
(Font)              Font shape `OMS/cmsy/m/n' tried instead on input line 370.

Overfull \hbox (47.0584pt too wide) detected at line 403
\OML/cmm/m/it/10 P[]\OT1/cmr/m/n/10 (\OT1/cmr/bx/n/10 z\OT1/cmr/m/n/10 ) = [] [
] [] []
 []


Overfull \hbox (44.29596pt too wide) in alignment at lines 408--413
 [][][] []
 []

File: Figure9.eps Graphic file (type eps)
<Figure9.eps>
Overfull \hbox (30.26283pt too wide) in paragraph at lines 417--418
[][] [] 
 []

File: Figure10.eps Graphic file (type eps)
<Figure10.eps>
Overfull \hbox (30.26283pt too wide) in paragraph at lines 429--430
[][] [] 
 []

[5]
File: Figure11.eps Graphic file (type eps)
 <Figure11.eps> [6]
File: Figure12.eps Graphic file (type eps)
 <Figure12.eps>
Overfull \hbox (15.80905pt too wide) in paragraph at lines 530--531
 [] 
 []


LaTeX Warning: Citation `ex1' undefined on input line 589.


LaTeX Warning: Citation `ex2' undefined on input line 589.

("latex8 v4.bbl"

LaTeX Warning: Empty `thebibliography' environment on input line 3.

) [7] ("latex8 v4.aux")

LaTeX Warning: There were undefined references.

 ) 
Here is how much of TeX's memory you used:
 2657 strings out of 95306
 35244 string characters out of 1185183
 105931 words of memory out of 1102975
 5697 multiletter control sequences out of 60000
 16444 words of font info for 46 fonts, out of 1000000 for 2000
 14 hyphenation exceptions out of 8191
 36i,14n,38p,366b,397s stack positions out of 5000i,500n,10000p,200000b,32768s

Output written on "latex8 v4.dvi" (7 pages, 42648 bytes).
